-------------------------------------------------------------------------------
Test set: de.tum.i13.KVIntegrationTest
-------------------------------------------------------------------------------
Tests run: 2, Failures: 0, Errors: 1, Skipped: 0, Time elapsed: 11.172 s <<< FAILURE! - in de.tum.i13.KVIntegrationTest
smokeTest  Time elapsed: 4.109 s  <<< ERROR!
java.net.ConnectException: Connection refused: connect
	at de.tum.i13.KVIntegrationTest.smokeTest(KVIntegrationTest.java:52)

