<?xml version="1.0" encoding="UTF-8"?>
<testsuite xmlns:xsi="http://www.w3.org/2001/XMLSchema-instance" xsi:noNamespaceSchemaLocation="https://maven.apache.org/surefire/maven-surefire-plugin/xsd/surefire-test-report.xsd" name="de.tum.i13.KVIntegrationTest" time="9.14" tests="2" errors="0" skipped="0" failures="1">
  <properties>
[...]
</properties>
  <testcase name="smokeTest" classname="de.tum.i13.KVIntegrationTest" time="2.06">
    <failure message="&#10;Expected: is &quot;hello &quot;&#10;     but: was &quot;Connection to MSRG Echo server established: /127.0.0.1:5153&quot;" type="java.lang.AssertionError">java.lang.AssertionError: 

Expected: is "hello "
     but: was "Connection to MSRG Echo server established: /127.0.0.1:5153"
	at de.tum.i13.KVIntegrationTest.smokeTest(KVIntegrationTest.java:54)
</failure>
    <system-err><![CDATA[2021-11-20 16:03:13.054 INFO    [de.tum.i13.server.nio.StartSimpleNioServer] Config: Config{port=5153, listenaddr='127.0.0.1', bootstrap=clouddatabases.i13.in.tum.de/<unresolved>:5153, dataDir=data, logfile=echo.log, usagehelp=false} 
2021-11-20 16:03:13.087 INFO    [de.tum.i13.server.nio.StartSimpleNioServer] starting server 
2021-11-20 16:03:14.674 INFO    [de.tum.i13.server.echo.EchoLogic] new connection: /127.0.0.1:64548 
2021-11-20 16:03:14.680 INFO    [de.tum.i13.server.echo.EchoLogic] new connection: /127.0.0.1:64549 
2021-11-20 16:03:14.683 INFO    [de.tum.i13.server.echo.EchoLogic] received command: hello 
2021-11-20 16:03:14.687 INFO    [de.tum.i13.server.echo.EchoLogic] connection closed: /127.0.0.1 
]]></system-err>
  </testcase>
  <testcase name="enjoyTheEcho" classname="de.tum.i13.KVIntegrationTest" time="7.068"/>
</testsuite>