<?xml version="1.0" encoding="UTF-8"?>
<testsuite xmlns:xsi="http://www.w3.org/2001/XMLSchema-instance" xsi:noNamespaceSchemaLocation="https://maven.apache.org/surefire/maven-surefire-plugin/xsd/surefire-test-report.xsd" name="de.tum.i13.Milestones.TestsMilestone3" time="9.162" tests="5" errors="0" skipped="0" failures="0">
  <properties>
[...]
</properties>
  <testcase name="testHash" classname="de.tum.i13.Milestones.TestsMilestone3" time="0"/>
  <testcase name="testTransfer_all" classname="de.tum.i13.Milestones.TestsMilestone3" time="4.006"/>
  <testcase name="testTransfer" classname="de.tum.i13.Milestones.TestsMilestone3" time="0.567"/>
  <testcase name="testUpdate_metaData" classname="de.tum.i13.Milestones.TestsMilestone3" time="0.554"/>
  <testcase name="testRetry" classname="de.tum.i13.Milestones.TestsMilestone3" time="4.035"/>
</testsuite>